<?xml version="1.0" encoding="UTF-8"?>
<testsuite xmlns:xsi="http://www.w3.org/2001/XMLSchema-instance" xsi:noNamespaceSchemaLocation="https://maven.apache.org/surefire/maven-surefire-plugin/xsd/surefire-test-report-3.0.xsd" version="3.0" name="br.com.anagram.AnagramGeneratorTest" time="0.255" tests="5" errors="0" skipped="0" failures="0">
  <properties>
    <property name="java.specification.version" value="17"/>
    <property name="sun.jnu.encoding" value="UTF-8"/>
    <property name="java.class.path" value="/tmp/teste/AnagramApp/target/test-classes:/tmp/teste/AnagramApp/target/classes:/home/matrix-eniac/.m2/repository/org/junit/jupiter/junit-jupiter/5.10.2/junit-jupiter-5.10.2.jar:/home/matrix-eniac/.m2/repository/org/junit/jupiter/junit-jupiter-api/5.10.2/junit-jupiter-api-5.10.2.jar:/home/matrix-eniac/.m2/repository/org/opentest4j/opentest4j/1.3.0/opentest4j-1.3.0.jar:/home/matrix-eniac/.m2/repository/org/junit/platform/junit-platform-commons/1.10.2/junit-platform-commons-1.10.2.jar:/home/matrix-eniac/.m2/repository/org/apiguardian/apiguardian-api/1.1.2/apiguardian-api-1.1.2.jar:/home/matrix-eniac/.m2/repository/org/junit/jupiter/junit-jupiter-params/5.10.2/junit-jupiter-params-5.10.2.jar:/home/matrix-eniac/.m2/repository/org/junit/jupiter/junit-jupiter-engine/5.10.2/junit-jupiter-engine-5.10.2.jar:/home/matrix-eniac/.m2/repository/org/junit/platform/junit-platform-engine/1.10.2/junit-platform-engine-1.10.2.jar:/home/matrix-eniac/.m2/repository/org/slf4j/slf4j-api/2.0.9/slf4j-api-2.0.9.jar:/home/matrix-eniac/.m2/repository/ch/qos/logback/logback-classic/1.4.11/logback-classic-1.4.11.jar:/home/matrix-eniac/.m2/repository/ch/qos/logback/logback-core/1.4.11/logback-core-1.4.11.jar:/home/matrix-eniac/.m2/repository/org/projectlombok/lombok/1.18.28/lombok-1.18.28.jar:/home/matrix-eniac/.m2/repository/commons-io/commons-io/1.3.2/commons-io-1.3.2.jar:/home/matrix-eniac/.m2/repository/org/apache/commons/commons-lang3/3.16.0/commons-lang3-3.16.0.jar:"/>
    <property name="java.vm.vendor" value="Oracle Corporation"/>
    <property name="sun.arch.data.model" value="64"/>
    <property name="swing.aatext" value="true"/>
    <property name="java.vendor.url" value="https://java.oracle.com/"/>
    <property name="user.timezone" value="America/New_York"/>
    <property name="os.name" value="Linux"/>
    <property name="java.vm.specification.version" value="17"/>
    <property name="sun.java.launcher" value="SUN_STANDARD"/>
    <property name="user.country" value="US"/>
    <property name="sun.boot.library.path" value="/home/matrix-eniac/developer/jdk-17.0.9/lib"/>
    <property name="sun.java.command" value="/tmp/teste/AnagramApp/target/surefire/surefirebooter-20250630155717068_3.jar /tmp/teste/AnagramApp/target/surefire 2025-06-30T15-57-16_868-jvmRun1 surefire-20250630155717068_1tmp surefire_0-20250630155717068_2tmp"/>
    <property name="jdk.debug" value="release"/>
    <property name="surefire.test.class.path" value="/tmp/teste/AnagramApp/target/test-classes:/tmp/teste/AnagramApp/target/classes:/home/matrix-eniac/.m2/repository/org/junit/jupiter/junit-jupiter/5.10.2/junit-jupiter-5.10.2.jar:/home/matrix-eniac/.m2/repository/org/junit/jupiter/junit-jupiter-api/5.10.2/junit-jupiter-api-5.10.2.jar:/home/matrix-eniac/.m2/repository/org/opentest4j/opentest4j/1.3.0/opentest4j-1.3.0.jar:/home/matrix-eniac/.m2/repository/org/junit/platform/junit-platform-commons/1.10.2/junit-platform-commons-1.10.2.jar:/home/matrix-eniac/.m2/repository/org/apiguardian/apiguardian-api/1.1.2/apiguardian-api-1.1.2.jar:/home/matrix-eniac/.m2/repository/org/junit/jupiter/junit-jupiter-params/5.10.2/junit-jupiter-params-5.10.2.jar:/home/matrix-eniac/.m2/repository/org/junit/jupiter/junit-jupiter-engine/5.10.2/junit-jupiter-engine-5.10.2.jar:/home/matrix-eniac/.m2/repository/org/junit/platform/junit-platform-engine/1.10.2/junit-platform-engine-1.10.2.jar:/home/matrix-eniac/.m2/repository/org/slf4j/slf4j-api/2.0.9/slf4j-api-2.0.9.jar:/home/matrix-eniac/.m2/repository/ch/qos/logback/logback-classic/1.4.11/logback-classic-1.4.11.jar:/home/matrix-eniac/.m2/repository/ch/qos/logback/logback-core/1.4.11/logback-core-1.4.11.jar:/home/matrix-eniac/.m2/repository/org/projectlombok/lombok/1.18.28/lombok-1.18.28.jar:/home/matrix-eniac/.m2/repository/commons-io/commons-io/1.3.2/commons-io-1.3.2.jar:/home/matrix-eniac/.m2/repository/org/apache/commons/commons-lang3/3.16.0/commons-lang3-3.16.0.jar:"/>
    <property name="sun.cpu.endian" value="little"/>
    <property name="user.home" value="/home/matrix-eniac"/>
    <property name="user.language" value="en"/>
    <property name="java.specification.vendor" value="Oracle Corporation"/>
    <property name="java.version.date" value="2023-10-17"/>
    <property name="java.home" value="/home/matrix-eniac/developer/jdk-17.0.9"/>
    <property name="file.separator" value="/"/>
    <property name="basedir" value="/tmp/teste/AnagramApp"/>
    <property name="java.vm.compressedOopsMode" value="Zero based"/>
    <property name="line.separator" value="&#10;"/>
    <property name="java.specification.name" value="Java Platform API Specification"/>
    <property name="java.vm.specification.vendor" value="Oracle Corporation"/>
    <property name="surefire.real.class.path" value="/tmp/teste/AnagramApp/target/surefire/surefirebooter-20250630155717068_3.jar"/>
    <property name="awt.useSystemAAFontSettings" value="on"/>
    <property name="sun.management.compiler" value="HotSpot 64-Bit Tiered Compilers"/>
    <property name="java.runtime.version" value="17.0.9+11-LTS-201"/>
    <property name="user.name" value="matrix-eniac"/>
    <property name="path.separator" value=":"/>
    <property name="os.version" value="6.11.2-amd64"/>
    <property name="java.runtime.name" value="Java(TM) SE Runtime Environment"/>
    <property name="file.encoding" value="UTF-8"/>
    <property name="java.vm.name" value="Java HotSpot(TM) 64-Bit Server VM"/>
    <property name="localRepository" value="/home/matrix-eniac/.m2/repository"/>
    <property name="java.vendor.url.bug" value="https://bugreport.java.com/bugreport/"/>
    <property name="java.io.tmpdir" value="/tmp"/>
    <property name="java.version" value="17.0.9"/>
    <property name="user.dir" value="/tmp/teste/AnagramApp"/>
    <property name="os.arch" value="amd64"/>
    <property name="java.vm.specification.name" value="Java Virtual Machine Specification"/>
    <property name="native.encoding" value="UTF-8"/>
    <property name="java.library.path" value="/usr/java/packages/lib:/usr/lib64:/lib64:/lib:/usr/lib"/>
    <property name="java.vm.info" value="mixed mode, sharing"/>
    <property name="java.vendor" value="Oracle Corporation"/>
    <property name="java.vm.version" value="17.0.9+11-LTS-201"/>
    <property name="sun.io.unicode.encoding" value="UnicodeLittle"/>
    <property name="java.class.version" value="61.0"/>
  </properties>
  <testcase name="testGenerateAnagrams_NullInput_ThrowsException" classname="br.com.anagram.AnagramGeneratorTest" time="0.059">
    <system-out><![CDATA[15:57:18.112 [main] INFO br.com.anagram.AnagramGeneratorTest -- ▶️ Starting: testGenerateAnagrams_NullInput_ThrowsException
15:57:18.124 [main] INFO br.com.anagram.AnagramGenerator -- Generating anagrams for input: 'null'
15:57:18.130 [main] INFO br.com.anagram.AnagramGeneratorTest -- Caught exception as expected: Input cannot be null or empty.
15:57:18.131 [main] INFO br.com.anagram.AnagramGeneratorTest -- ✅ Passed: testGenerateAnagrams_NullInput_ThrowsException
]]></system-out>
  </testcase>
  <testcase name="testGenerateAnagrams_InvalidCharacters_ThrowsException" classname="br.com.anagram.AnagramGeneratorTest" time="0.006">
    <system-out><![CDATA[15:57:18.153 [main] INFO br.com.anagram.AnagramGeneratorTest -- ▶️ Starting: testGenerateAnagrams_InvalidCharacters_ThrowsException
15:57:18.154 [main] INFO br.com.anagram.AnagramGenerator -- Generating anagrams for input: 'a1b'
15:57:18.155 [main] INFO br.com.anagram.AnagramGeneratorTest -- Caught exception as expected InvalidCharacters: Input must contain only letters.
15:57:18.155 [main] INFO br.com.anagram.AnagramGeneratorTest -- ✅ Passed: testGenerateAnagrams_InvalidCharacters_ThrowsException
]]></system-out>
  </testcase>
  <testcase name="testGenerateAnagrams_ValidInput" classname="br.com.anagram.AnagramGeneratorTest" time="0.016">
    <system-out><![CDATA[15:57:18.164 [main] INFO br.com.anagram.AnagramGeneratorTest -- ▶️ Starting: testGenerateAnagrams_ValidInput
15:57:18.165 [main] INFO br.com.anagram.AnagramGenerator -- Generating anagrams for input: 'abc'
15:57:18.177 [main] INFO br.com.anagram.AnagramGenerator -- Generated 6 anagrams
15:57:18.178 [main] INFO br.com.anagram.AnagramGeneratorTest -- Generated anagrams: [abc, acb, bac, bca, cab, cba]
15:57:18.178 [main] INFO br.com.anagram.AnagramGeneratorTest -- ✅ Passed: testGenerateAnagrams_ValidInput
]]></system-out>
  </testcase>
  <testcase name="testGenerateAnagrams_EmptyInput_ThrowsException" classname="br.com.anagram.AnagramGeneratorTest" time="0.004">
    <system-out><![CDATA[15:57:18.184 [main] INFO br.com.anagram.AnagramGeneratorTest -- ▶️ Starting: testGenerateAnagrams_EmptyInput_ThrowsException
15:57:18.185 [main] INFO br.com.anagram.AnagramGenerator -- Generating anagrams for input: ''
15:57:18.185 [main] INFO br.com.anagram.AnagramGeneratorTest -- Caught exception as expected EmptyInput: Input cannot be null or empty.
15:57:18.185 [main] INFO br.com.anagram.AnagramGeneratorTest -- ✅ Passed: testGenerateAnagrams_EmptyInput_ThrowsException
]]></system-out>
  </testcase>
  <testcase name="testGenerateAnagrams_WrongLength_ThrowsException" classname="br.com.anagram.AnagramGeneratorTest" time="0.003">
    <system-out><![CDATA[15:57:18.190 [main] INFO br.com.anagram.AnagramGeneratorTest -- ▶️ Starting: testGenerateAnagrams_WrongLength_ThrowsException
15:57:18.191 [main] INFO br.com.anagram.AnagramGenerator -- Generating anagrams for input: 'abcd'
15:57:18.191 [main] INFO br.com.anagram.AnagramGeneratorTest -- Caught exception as expected WrongLength: This implementation supports only 3-letter strings.
15:57:18.191 [main] INFO br.com.anagram.AnagramGeneratorTest -- ✅ Passed: testGenerateAnagrams_WrongLength_ThrowsException
]]></system-out>
  </testcase>
</testsuite>